
*** Running vivado
    with args -log sync_fifo.vdi -applog -m64 -product Vivado -messageDb vivado.pb -mode batch -source sync_fifo.tcl -notrace


****** Vivado v2022.1 (64-bit)
  **** SW Build 3526262 on Mon Apr 18 15:47:01 MDT 2022
  **** IP Build 3524634 on Mon Apr 18 20:55:01 MDT 2022
    ** Copyright 1986-2022 Xilinx, Inc. All Rights Reserved.

source sync_fifo.tcl -notrace
create_project: Time (s): cpu = 00:00:06 ; elapsed = 00:00:05 . Memory (MB): peak = 2899.938 ; gain = 0.023 ; free physical = 1623 ; free virtual = 22724
Command: link_design -top sync_fifo -part xa7a12tcpg238-2I
Design is defaulting to srcset: sources_1
Design is defaulting to constrset: constrs_1
INFO: [Device 21-403] Loading part xa7a12tcpg238-2I
Netlist sorting complete. Time (s): cpu = 00:00:00 ; elapsed = 00:00:00 . Memory (MB): peak = 2899.938 ; gain = 0.000 ; free physical = 1329 ; free virtual = 22427
INFO: [Netlist 29-17] Analyzing 3 Unisim elements for replacement
INFO: [Netlist 29-28] Unisim Transformation completed in 0 CPU seconds
INFO: [Project 1-479] Netlist was created with Vivado 2022.1
INFO: [Project 1-570] Preparing netlist for logic optimization
Netlist sorting complete. Time (s): cpu = 00:00:00 ; elapsed = 00:00:00 . Memory (MB): peak = 2899.938 ; gain = 0.000 ; free physical = 1242 ; free virtual = 22339
INFO: [Project 1-111] Unisim Transformation Summary:
  A total of 3 instances were transformed.
  RAM32M => RAM32M (RAMD32(x6), RAMS32(x2)): 3 instances

6 Infos, 0 Warnings, 0 Critical Warnings and 0 Errors encountered.
link_design completed successfully
link_design: Time (s): cpu = 00:00:05 ; elapsed = 00:00:06 . Memory (MB): peak = 2899.938 ; gain = 0.000 ; free physical = 1242 ; free virtual = 22339
Command: opt_design
Attempting to get a license for feature 'Implementation' and/or device 'xa7a12t'
INFO: [Common 17-349] Got license for feature 'Implementation' and/or device 'xa7a12t'
Running DRC as a precondition to command opt_design

Starting DRC Task
INFO: [DRC 23-27] Running DRC with 8 threads
INFO: [Project 1-461] DRC finished with 0 Errors
INFO: [Project 1-462] Please refer to the DRC report (report_drc) for more information.

Time (s): cpu = 00:00:01 ; elapsed = 00:00:00.78 . Memory (MB): peak = 2963.969 ; gain = 64.031 ; free physical = 1230 ; free virtual = 22327

Starting Cache Timing Information Task
INFO: [Timing 38-35] Done setting XDC timing constraints.
Ending Cache Timing Information Task | Checksum: f5849e07

Time (s): cpu = 00:00:07 ; elapsed = 00:00:07 . Memory (MB): peak = 2963.969 ; gain = 0.000 ; free physical = 975 ; free virtual = 22055

Starting Logic Optimization Task

Phase 1 Retarget
INFO: [Opt 31-138] Pushed 0 inverter(s) to 0 load pin(s).
In IDDR TRANSFORM
INFO: [Opt 31-49] Retargeted 0 cell(s).
Phase 1 Retarget | Checksum: f5849e07

Time (s): cpu = 00:00:00.03 ; elapsed = 00:00:00.03 . Memory (MB): peak = 3063.109 ; gain = 0.000 ; free physical = 729 ; free virtual = 21806
INFO: [Opt 31-389] Phase Retarget created 0 cells and removed 0 cells

Phase 2 Constant propagation
INFO: [Opt 31-138] Pushed 0 inverter(s) to 0 load pin(s).
Phase 2 Constant propagation | Checksum: f5849e07

Time (s): cpu = 00:00:00.03 ; elapsed = 00:00:00.03 . Memory (MB): peak = 3063.109 ; gain = 0.000 ; free physical = 729 ; free virtual = 21806
INFO: [Opt 31-389] Phase Constant propagation created 0 cells and removed 0 cells

Phase 3 Sweep
Phase 3 Sweep | Checksum: f5849e07

Time (s): cpu = 00:00:00.04 ; elapsed = 00:00:00.03 . Memory (MB): peak = 3063.109 ; gain = 0.000 ; free physical = 729 ; free virtual = 21806
INFO: [Opt 31-389] Phase Sweep created 0 cells and removed 0 cells

Phase 4 BUFG optimization
Phase 4 BUFG optimization | Checksum: f5849e07

Time (s): cpu = 00:00:00.05 ; elapsed = 00:00:00.04 . Memory (MB): peak = 3095.125 ; gain = 32.016 ; free physical = 729 ; free virtual = 21806
INFO: [Opt 31-662] Phase BUFG optimization created 0 cells of which 0 are BUFGs and removed 0 cells.

Phase 5 Shift Register Optimization
INFO: [Opt 31-1064] SRL Remap converted 0 SRLs to 0 registers and converted 0 registers of register chains to 0 SRLs
Phase 5 Shift Register Optimization | Checksum: f5849e07

Time (s): cpu = 00:00:00.05 ; elapsed = 00:00:00.04 . Memory (MB): peak = 3095.125 ; gain = 32.016 ; free physical = 729 ; free virtual = 21806
INFO: [Opt 31-389] Phase Shift Register Optimization created 0 cells and removed 0 cells

Phase 6 Post Processing Netlist
Phase 6 Post Processing Netlist | Checksum: f5849e07

Time (s): cpu = 00:00:00.05 ; elapsed = 00:00:00.04 . Memory (MB): peak = 3095.125 ; gain = 32.016 ; free physical = 729 ; free virtual = 21806
INFO: [Opt 31-389] Phase Post Processing Netlist created 0 cells and removed 0 cells
Opt_design Change Summary
=========================


-------------------------------------------------------------------------------------------------------------------------
|  Phase                        |  #Cells created  |  #Cells Removed  |  #Constrained objects preventing optimizations  |
-------------------------------------------------------------------------------------------------------------------------
|  Retarget                     |               0  |               0  |                                              0  |
|  Constant propagation         |               0  |               0  |                                              0  |
|  Sweep                        |               0  |               0  |                                              0  |
|  BUFG optimization            |               0  |               0  |                                              0  |
|  Shift Register Optimization  |               0  |               0  |                                              0  |
|  Post Processing Netlist      |               0  |               0  |                                              0  |
-------------------------------------------------------------------------------------------------------------------------



Starting Connectivity Check Task

Time (s): cpu = 00:00:00 ; elapsed = 00:00:00 . Memory (MB): peak = 3095.125 ; gain = 0.000 ; free physical = 729 ; free virtual = 21806
Ending Logic Optimization Task | Checksum: f5849e07

Time (s): cpu = 00:00:00.05 ; elapsed = 00:00:00.04 . Memory (MB): peak = 3095.125 ; gain = 32.016 ; free physical = 729 ; free virtual = 21806

Starting Power Optimization Task
INFO: [Pwropt 34-132] Skipping clock gating for clocks with a period < 2.00 ns.
Ending Power Optimization Task | Checksum: f5849e07

Time (s): cpu = 00:00:00.01 ; elapsed = 00:00:00 . Memory (MB): peak = 3095.125 ; gain = 0.000 ; free physical = 729 ; free virtual = 21806

Starting Final Cleanup Task
Ending Final Cleanup Task | Checksum: f5849e07

Time (s): cpu = 00:00:00 ; elapsed = 00:00:00 . Memory (MB): peak = 3095.125 ; gain = 0.000 ; free physical = 729 ; free virtual = 21806

Starting Netlist Obfuscation Task
Netlist sorting complete. Time (s): cpu = 00:00:00 ; elapsed = 00:00:00 . Memory (MB): peak = 3095.125 ; gain = 0.000 ; free physical = 729 ; free virtual = 21806
Ending Netlist Obfuscation Task | Checksum: f5849e07

Time (s): cpu = 00:00:00 ; elapsed = 00:00:00 . Memory (MB): peak = 3095.125 ; gain = 0.000 ; free physical = 729 ; free virtual = 21806
INFO: [Common 17-83] Releasing license: Implementation
23 Infos, 0 Warnings, 0 Critical Warnings and 0 Errors encountered.
opt_design completed successfully
opt_design: Time (s): cpu = 00:00:11 ; elapsed = 00:00:11 . Memory (MB): peak = 3095.125 ; gain = 195.188 ; free physical = 729 ; free virtual = 21806
INFO: [Common 17-1381] The checkpoint '/home/quocna/project/uvm_fifo/uvm_fifo/uvm_fifo.runs/impl_1/sync_fifo_opt.dcp' has been generated.
INFO: [runtcl-4] Executing : report_drc -file sync_fifo_drc_opted.rpt -pb sync_fifo_drc_opted.pb -rpx sync_fifo_drc_opted.rpx
Command: report_drc -file sync_fifo_drc_opted.rpt -pb sync_fifo_drc_opted.pb -rpx sync_fifo_drc_opted.rpx
INFO: [IP_Flow 19-234] Refreshing IP repositories
INFO: [IP_Flow 19-1704] No user IP repositories specified
INFO: [IP_Flow 19-2313] Loaded Vivado IP repository '/home/quocna/tools/Vivado/2022.1/data/ip'.
INFO: [Timing 38-35] Done setting XDC timing constraints.
INFO: [DRC 23-27] Running DRC with 8 threads
INFO: [Vivado_Tcl 2-168] The results of DRC are in file /home/quocna/project/uvm_fifo/uvm_fifo/uvm_fifo.runs/impl_1/sync_fifo_drc_opted.rpt.
report_drc completed successfully
Command: place_design
Attempting to get a license for feature 'Implementation' and/or device 'xa7a12t'
INFO: [Common 17-349] Got license for feature 'Implementation' and/or device 'xa7a12t'
INFO: [DRC 23-27] Running DRC with 8 threads
INFO: [Vivado_Tcl 4-198] DRC finished with 0 Errors
INFO: [Vivado_Tcl 4-199] Please refer to the DRC report (report_drc) for more information.
Running DRC as a precondition to command place_design
INFO: [DRC 23-27] Running DRC with 8 threads
INFO: [Vivado_Tcl 4-198] DRC finished with 0 Errors
INFO: [Vivado_Tcl 4-199] Please refer to the DRC report (report_drc) for more information.

Starting Placer Task
INFO: [Place 30-611] Multithreading enabled for place_design using a maximum of 8 CPUs

Phase 1 Placer Initialization

Phase 1.1 Placer Initialization Netlist Sorting
Netlist sorting complete. Time (s): cpu = 00:00:00 ; elapsed = 00:00:00 . Memory (MB): peak = 3256.641 ; gain = 0.000 ; free physical = 662 ; free virtual = 21731
Phase 1.1 Placer Initialization Netlist Sorting | Checksum: 1816df3d

Time (s): cpu = 00:00:00 ; elapsed = 00:00:00.02 . Memory (MB): peak = 3256.641 ; gain = 0.000 ; free physical = 662 ; free virtual = 21731
Netlist sorting complete. Time (s): cpu = 00:00:00 ; elapsed = 00:00:00 . Memory (MB): peak = 3256.641 ; gain = 0.000 ; free physical = 662 ; free virtual = 21731

Phase 1.2 IO Placement/ Clock Placement/ Build Placer Device
Phase 1.2 IO Placement/ Clock Placement/ Build Placer Device | Checksum: 102c94bc6

Time (s): cpu = 00:00:00.62 ; elapsed = 00:00:00.18 . Memory (MB): peak = 3256.641 ; gain = 0.000 ; free physical = 691 ; free virtual = 21760

Phase 1.3 Build Placer Netlist Model
Phase 1.3 Build Placer Netlist Model | Checksum: 12b86eefc

Time (s): cpu = 00:00:00.66 ; elapsed = 00:00:00.21 . Memory (MB): peak = 3256.641 ; gain = 0.000 ; free physical = 690 ; free virtual = 21760

Phase 1.4 Constrain Clocks/Macros
Phase 1.4 Constrain Clocks/Macros | Checksum: 12b86eefc

Time (s): cpu = 00:00:00.67 ; elapsed = 00:00:00.21 . Memory (MB): peak = 3256.641 ; gain = 0.000 ; free physical = 690 ; free virtual = 21760
Phase 1 Placer Initialization | Checksum: 12b86eefc

Time (s): cpu = 00:00:00.67 ; elapsed = 00:00:00.22 . Memory (MB): peak = 3256.641 ; gain = 0.000 ; free physical = 690 ; free virtual = 21760

Phase 2 Global Placement

Phase 2.1 Floorplanning
Phase 2.1 Floorplanning | Checksum: 12b86eefc

Time (s): cpu = 00:00:00.67 ; elapsed = 00:00:00.22 . Memory (MB): peak = 3256.641 ; gain = 0.000 ; free physical = 690 ; free virtual = 21760

Phase 2.2 Update Timing before SLR Path Opt
Phase 2.2 Update Timing before SLR Path Opt | Checksum: 12b86eefc

Time (s): cpu = 00:00:00.67 ; elapsed = 00:00:00.22 . Memory (MB): peak = 3256.641 ; gain = 0.000 ; free physical = 690 ; free virtual = 21760

Phase 2.3 Post-Processing in Floorplanning
Phase 2.3 Post-Processing in Floorplanning | Checksum: 12b86eefc

Time (s): cpu = 00:00:00.68 ; elapsed = 00:00:00.22 . Memory (MB): peak = 3256.641 ; gain = 0.000 ; free physical = 690 ; free virtual = 21760

Phase 2.4 Global Placement Core
WARNING: [Place 46-29] place_design is not in timing mode. Skip physical synthesis in placer
Phase 2.4 Global Placement Core | Checksum: 10f706eb4

Time (s): cpu = 00:00:13 ; elapsed = 00:00:03 . Memory (MB): peak = 3256.641 ; gain = 0.000 ; free physical = 653 ; free virtual = 21732
Phase 2 Global Placement | Checksum: 10f706eb4

Time (s): cpu = 00:00:13 ; elapsed = 00:00:03 . Memory (MB): peak = 3256.641 ; gain = 0.000 ; free physical = 653 ; free virtual = 21732

Phase 3 Detail Placement

Phase 3.1 Commit Multi Column Macros
Phase 3.1 Commit Multi Column Macros | Checksum: 10f706eb4

Time (s): cpu = 00:00:13 ; elapsed = 00:00:03 . Memory (MB): peak = 3256.641 ; gain = 0.000 ; free physical = 653 ; free virtual = 21732

Phase 3.2 Commit Most Macros & LUTRAMs
Phase 3.2 Commit Most Macros & LUTRAMs | Checksum: 257d0e12f

Time (s): cpu = 00:00:13 ; elapsed = 00:00:03 . Memory (MB): peak = 3256.641 ; gain = 0.000 ; free physical = 653 ; free virtual = 21732

Phase 3.3 Area Swap Optimization
Phase 3.3 Area Swap Optimization | Checksum: 244a2be79

Time (s): cpu = 00:00:14 ; elapsed = 00:00:03 . Memory (MB): peak = 3256.641 ; gain = 0.000 ; free physical = 653 ; free virtual = 21733

Phase 3.4 Pipeline Register Optimization
Phase 3.4 Pipeline Register Optimization | Checksum: 244a2be79

Time (s): cpu = 00:00:14 ; elapsed = 00:00:03 . Memory (MB): peak = 3256.641 ; gain = 0.000 ; free physical = 653 ; free virtual = 21733

Phase 3.5 Small Shape Detail Placement
Phase 3.5 Small Shape Detail Placement | Checksum: 2485f8a83

Time (s): cpu = 00:00:14 ; elapsed = 00:00:03 . Memory (MB): peak = 3256.641 ; gain = 0.000 ; free physical = 652 ; free virtual = 21731

Phase 3.6 Re-assign LUT pins
Phase 3.6 Re-assign LUT pins | Checksum: 2485f8a83

Time (s): cpu = 00:00:14 ; elapsed = 00:00:03 . Memory (MB): peak = 3256.641 ; gain = 0.000 ; free physical = 652 ; free virtual = 21731

Phase 3.7 Pipeline Register Optimization
Phase 3.7 Pipeline Register Optimization | Checksum: 2485f8a83

Time (s): cpu = 00:00:14 ; elapsed = 00:00:03 . Memory (MB): peak = 3256.641 ; gain = 0.000 ; free physical = 652 ; free virtual = 21731
Phase 3 Detail Placement | Checksum: 2485f8a83

Time (s): cpu = 00:00:14 ; elapsed = 00:00:03 . Memory (MB): peak = 3256.641 ; gain = 0.000 ; free physical = 652 ; free virtual = 21731

Phase 4 Post Placement Optimization and Clean-Up

Phase 4.1 Post Commit Optimization
Phase 4.1 Post Commit Optimization | Checksum: 2485f8a83

Time (s): cpu = 00:00:14 ; elapsed = 00:00:03 . Memory (MB): peak = 3256.641 ; gain = 0.000 ; free physical = 652 ; free virtual = 21732

Phase 4.2 Post Placement Cleanup
Phase 4.2 Post Placement Cleanup | Checksum: 2485f8a83

Time (s): cpu = 00:00:14 ; elapsed = 00:00:03 . Memory (MB): peak = 3256.641 ; gain = 0.000 ; free physical = 652 ; free virtual = 21732

Phase 4.3 Placer Reporting

Phase 4.3.1 Print Estimated Congestion
INFO: [Place 30-612] Post-Placement Estimated Congestion 
 ____________________________________________________
|           | Global Congestion | Short Congestion  |
| Direction | Region Size       | Region Size       |
|___________|___________________|___________________|
|      North|                1x1|                1x1|
|___________|___________________|___________________|
|      South|                1x1|                1x1|
|___________|___________________|___________________|
|       East|                1x1|                1x1|
|___________|___________________|___________________|
|       West|                1x1|                1x1|
|___________|___________________|___________________|

Phase 4.3.1 Print Estimated Congestion | Checksum: 2485f8a83

Time (s): cpu = 00:00:14 ; elapsed = 00:00:03 . Memory (MB): peak = 3256.641 ; gain = 0.000 ; free physical = 652 ; free virtual = 21732
Phase 4.3 Placer Reporting | Checksum: 2485f8a83

Time (s): cpu = 00:00:14 ; elapsed = 00:00:03 . Memory (MB): peak = 3256.641 ; gain = 0.000 ; free physical = 652 ; free virtual = 21732

Phase 4.4 Final Placement Cleanup
Netlist sorting complete. Time (s): cpu = 00:00:00.01 ; elapsed = 00:00:00 . Memory (MB): peak = 3256.641 ; gain = 0.000 ; free physical = 652 ; free virtual = 21732

Time (s): cpu = 00:00:14 ; elapsed = 00:00:03 . Memory (MB): peak = 3256.641 ; gain = 0.000 ; free physical = 652 ; free virtual = 21732
Phase 4 Post Placement Optimization and Clean-Up | Checksum: 16e343105

Time (s): cpu = 00:00:14 ; elapsed = 00:00:03 . Memory (MB): peak = 3256.641 ; gain = 0.000 ; free physical = 652 ; free virtual = 21732
Ending Placer Task | Checksum: bc121533

Time (s): cpu = 00:00:14 ; elapsed = 00:00:03 . Memory (MB): peak = 3256.641 ; gain = 0.000 ; free physical = 652 ; free virtual = 21732
INFO: [Common 17-83] Releasing license: Implementation
41 Infos, 1 Warnings, 0 Critical Warnings and 0 Errors encountered.
place_design completed successfully
Writing XDEF routing.
Writing XDEF routing logical nets.
Writing XDEF routing special nets.
Write XDEF Complete: Time (s): cpu = 00:00:00.1 ; elapsed = 00:00:00.08 . Memory (MB): peak = 3256.641 ; gain = 0.000 ; free physical = 655 ; free virtual = 21734
INFO: [Common 17-1381] The checkpoint '/home/quocna/project/uvm_fifo/uvm_fifo/uvm_fifo.runs/impl_1/sync_fifo_placed.dcp' has been generated.
INFO: [runtcl-4] Executing : report_io -file sync_fifo_io_placed.rpt
report_io: Time (s): cpu = 00:00:00.13 ; elapsed = 00:00:00.2 . Memory (MB): peak = 3256.641 ; gain = 0.000 ; free physical = 648 ; free virtual = 21727
INFO: [runtcl-4] Executing : report_utilization -file sync_fifo_utilization_placed.rpt -pb sync_fifo_utilization_placed.pb
INFO: [runtcl-4] Executing : report_control_sets -verbose -file sync_fifo_control_sets_placed.rpt
report_control_sets: Time (s): cpu = 00:00:00.06 ; elapsed = 00:00:00.12 . Memory (MB): peak = 3256.641 ; gain = 0.000 ; free physical = 653 ; free virtual = 21732
Command: phys_opt_design
Attempting to get a license for feature 'Implementation' and/or device 'xa7a12t'
INFO: [Common 17-349] Got license for feature 'Implementation' and/or device 'xa7a12t'
INFO: [Vivado_Tcl 4-235] No timing constraint found. The netlist was not modified.
INFO: [Common 17-83] Releasing license: Implementation
48 Infos, 1 Warnings, 0 Critical Warnings and 0 Errors encountered.
phys_opt_design completed successfully
Writing XDEF routing.
Writing XDEF routing logical nets.
Writing XDEF routing special nets.
Write XDEF Complete: Time (s): cpu = 00:00:00.04 ; elapsed = 00:00:00.03 . Memory (MB): peak = 3256.641 ; gain = 0.000 ; free physical = 624 ; free virtual = 21704
INFO: [Common 17-1381] The checkpoint '/home/quocna/project/uvm_fifo/uvm_fifo/uvm_fifo.runs/impl_1/sync_fifo_physopt.dcp' has been generated.
Command: route_design
Attempting to get a license for feature 'Implementation' and/or device 'xa7a12t'
INFO: [Common 17-349] Got license for feature 'Implementation' and/or device 'xa7a12t'
Running DRC as a precondition to command route_design
INFO: [DRC 23-27] Running DRC with 8 threads
INFO: [Vivado_Tcl 4-198] DRC finished with 0 Errors
INFO: [Vivado_Tcl 4-199] Please refer to the DRC report (report_drc) for more information.


Starting Routing Task
INFO: [Route 35-254] Multithreading enabled for route_design using a maximum of 8 CPUs

Phase 1 Build RT Design
Checksum: PlaceDB: b13ecebf ConstDB: 0 ShapeSum: ad34674 RouteDB: 0
Post Restoration Checksum: NetGraph: d7930156 NumContArr: ece646e1 Constraints: 0 Timing: 0
Phase 1 Build RT Design | Checksum: 1c4794837

Time (s): cpu = 00:00:14 ; elapsed = 00:00:12 . Memory (MB): peak = 3260.613 ; gain = 0.000 ; free physical = 529 ; free virtual = 21628

Phase 2 Router Initialization
INFO: [Route 35-64] No timing constraints were detected. The router will operate in resource-optimization mode.

Phase 2.1 Fix Topology Constraints
Phase 2.1 Fix Topology Constraints | Checksum: 1c4794837

Time (s): cpu = 00:00:14 ; elapsed = 00:00:12 . Memory (MB): peak = 3276.297 ; gain = 15.684 ; free physical = 503 ; free virtual = 21602

Phase 2.2 Pre Route Cleanup
Phase 2.2 Pre Route Cleanup | Checksum: 1c4794837

Time (s): cpu = 00:00:14 ; elapsed = 00:00:12 . Memory (MB): peak = 3276.297 ; gain = 15.684 ; free physical = 503 ; free virtual = 21602
 Number of Nodes with overlaps = 0

Router Utilization Summary
  Global Vertical Routing Utilization    = 0 %
  Global Horizontal Routing Utilization  = 0 %
  Routable Net Status*
  *Does not include unroutable nets such as driverless and loadless.
  Run report_route_status for detailed report.
  Number of Failed Nets               = 46
    (Failed Nets is the sum of unrouted and partially routed nets)
  Number of Unrouted Nets             = 46
  Number of Partially Routed Nets     = 0
  Number of Node Overlaps             = 0

Phase 2 Router Initialization | Checksum: f5ef746b

Time (s): cpu = 00:00:14 ; elapsed = 00:00:13 . Memory (MB): peak = 3284.297 ; gain = 23.684 ; free physical = 498 ; free virtual = 21597

Phase 3 Initial Routing

Phase 3.1 Global Routing
Phase 3.1 Global Routing | Checksum: f5ef746b

Time (s): cpu = 00:00:14 ; elapsed = 00:00:13 . Memory (MB): peak = 3284.297 ; gain = 23.684 ; free physical = 498 ; free virtual = 21597
Phase 3 Initial Routing | Checksum: d9ce741c

Time (s): cpu = 00:00:14 ; elapsed = 00:00:13 . Memory (MB): peak = 3284.297 ; gain = 23.684 ; free physical = 499 ; free virtual = 21598

Phase 4 Rip-up And Reroute

Phase 4.1 Global Iteration 0
 Number of Nodes with overlaps = 0
Phase 4.1 Global Iteration 0 | Checksum: 8d9d93b1

Time (s): cpu = 00:00:14 ; elapsed = 00:00:13 . Memory (MB): peak = 3284.297 ; gain = 23.684 ; free physical = 499 ; free virtual = 21598
Phase 4 Rip-up And Reroute | Checksum: 8d9d93b1

Time (s): cpu = 00:00:14 ; elapsed = 00:00:13 . Memory (MB): peak = 3284.297 ; gain = 23.684 ; free physical = 499 ; free virtual = 21598

Phase 5 Delay and Skew Optimization
Phase 5 Delay and Skew Optimization | Checksum: 8d9d93b1

Time (s): cpu = 00:00:14 ; elapsed = 00:00:13 . Memory (MB): peak = 3284.297 ; gain = 23.684 ; free physical = 499 ; free virtual = 21598

Phase 6 Post Hold Fix

Phase 6.1 Hold Fix Iter
Phase 6.1 Hold Fix Iter | Checksum: 8d9d93b1

Time (s): cpu = 00:00:14 ; elapsed = 00:00:13 . Memory (MB): peak = 3284.297 ; gain = 23.684 ; free physical = 499 ; free virtual = 21598
Phase 6 Post Hold Fix | Checksum: 8d9d93b1

Time (s): cpu = 00:00:14 ; elapsed = 00:00:13 . Memory (MB): peak = 3284.297 ; gain = 23.684 ; free physical = 499 ; free virtual = 21598

Phase 7 Route finalize

Router Utilization Summary
  Global Vertical Routing Utilization    = 0.0649597 %
  Global Horizontal Routing Utilization  = 0.0420537 %
  Routable Net Status*
  *Does not include unroutable nets such as driverless and loadless.
  Run report_route_status for detailed report.
  Number of Failed Nets               = 0
    (Failed Nets is the sum of unrouted and partially routed nets)
  Number of Unrouted Nets             = 0
  Number of Partially Routed Nets     = 0
  Number of Node Overlaps             = 0

Congestion Report
North Dir 1x1 Area, Max Cong = 11.7117%, No Congested Regions.
South Dir 1x1 Area, Max Cong = 23.4234%, No Congested Regions.
East Dir 1x1 Area, Max Cong = 8.82353%, No Congested Regions.
West Dir 1x1 Area, Max Cong = 19.1176%, No Congested Regions.

------------------------------
Reporting congestion hotspots
------------------------------
Direction: North
----------------
Congested clusters found at Level 0
Effective congestion level: 0 Aspect Ratio: 1 Sparse Ratio: 0
Direction: South
----------------
Congested clusters found at Level 0
Effective congestion level: 0 Aspect Ratio: 1 Sparse Ratio: 0
Direction: East
----------------
Congested clusters found at Level 0
Effective congestion level: 0 Aspect Ratio: 1 Sparse Ratio: 0
Direction: West
----------------
Congested clusters found at Level 0
Effective congestion level: 0 Aspect Ratio: 1 Sparse Ratio: 0

Phase 7 Route finalize | Checksum: 8d9d93b1

Time (s): cpu = 00:00:14 ; elapsed = 00:00:13 . Memory (MB): peak = 3284.297 ; gain = 23.684 ; free physical = 499 ; free virtual = 21598

Phase 8 Verifying routed nets

 Verification completed successfully
Phase 8 Verifying routed nets | Checksum: 8d9d93b1

Time (s): cpu = 00:00:14 ; elapsed = 00:00:13 . Memory (MB): peak = 3286.297 ; gain = 25.684 ; free physical = 497 ; free virtual = 21597

Phase 9 Depositing Routes
Phase 9 Depositing Routes | Checksum: 120d4f763

Time (s): cpu = 00:00:14 ; elapsed = 00:00:13 . Memory (MB): peak = 3302.305 ; gain = 41.691 ; free physical = 497 ; free virtual = 21597
INFO: [Route 35-16] Router Completed Successfully

Time (s): cpu = 00:00:14 ; elapsed = 00:00:13 . Memory (MB): peak = 3302.305 ; gain = 41.691 ; free physical = 525 ; free virtual = 21625

Routing Is Done.
INFO: [Common 17-83] Releasing license: Implementation
57 Infos, 1 Warnings, 0 Critical Warnings and 0 Errors encountered.
route_design completed successfully
route_design: Time (s): cpu = 00:00:15 ; elapsed = 00:00:13 . Memory (MB): peak = 3302.305 ; gain = 45.664 ; free physical = 525 ; free virtual = 21625
Writing XDEF routing.
Writing XDEF routing logical nets.
Writing XDEF routing special nets.
Write XDEF Complete: Time (s): cpu = 00:00:00.03 ; elapsed = 00:00:00.02 . Memory (MB): peak = 3302.305 ; gain = 0.000 ; free physical = 523 ; free virtual = 21624
INFO: [Common 17-1381] The checkpoint '/home/quocna/project/uvm_fifo/uvm_fifo/uvm_fifo.runs/impl_1/sync_fifo_routed.dcp' has been generated.
INFO: [runtcl-4] Executing : report_drc -file sync_fifo_drc_routed.rpt -pb sync_fifo_drc_routed.pb -rpx sync_fifo_drc_routed.rpx
Command: report_drc -file sync_fifo_drc_routed.rpt -pb sync_fifo_drc_routed.pb -rpx sync_fifo_drc_routed.rpx
INFO: [IP_Flow 19-1839] IP Catalog is up to date.
INFO: [DRC 23-27] Running DRC with 8 threads
INFO: [Vivado_Tcl 2-168] The results of DRC are in file /home/quocna/project/uvm_fifo/uvm_fifo/uvm_fifo.runs/impl_1/sync_fifo_drc_routed.rpt.
report_drc completed successfully
INFO: [runtcl-4] Executing : report_methodology -file sync_fifo_methodology_drc_routed.rpt -pb sync_fifo_methodology_drc_routed.pb -rpx sync_fifo_methodology_drc_routed.rpx
Command: report_methodology -file sync_fifo_methodology_drc_routed.rpt -pb sync_fifo_methodology_drc_routed.pb -rpx sync_fifo_methodology_drc_routed.rpx
INFO: [Timing 38-35] Done setting XDC timing constraints.
INFO: [DRC 23-133] Running Methodology with 8 threads
INFO: [Vivado_Tcl 2-1520] The results of Report Methodology are in file /home/quocna/project/uvm_fifo/uvm_fifo/uvm_fifo.runs/impl_1/sync_fifo_methodology_drc_routed.rpt.
report_methodology completed successfully
INFO: [runtcl-4] Executing : report_power -file sync_fifo_power_routed.rpt -pb sync_fifo_power_summary_routed.pb -rpx sync_fifo_power_routed.rpx
Command: report_power -file sync_fifo_power_routed.rpt -pb sync_fifo_power_summary_routed.pb -rpx sync_fifo_power_routed.rpx
INFO: [Timing 38-35] Done setting XDC timing constraints.
WARNING: [Power 33-232] No user defined clocks were found in the design! Power estimation will be inaccurate until this is corrected.
Resolution: Please specify clocks using create_clock/create_generated_clock for sequential elements. For pure combinatorial circuits, please specify a virtual clock, otherwise the vectorless estimation might be inaccurate
Running Vector-less Activity Propagation...

Finished Running Vector-less Activity Propagation
68 Infos, 2 Warnings, 0 Critical Warnings and 0 Errors encountered.
report_power completed successfully
INFO: [runtcl-4] Executing : report_route_status -file sync_fifo_route_status.rpt -pb sync_fifo_route_status.pb
INFO: [runtcl-4] Executing : report_timing_summary -max_paths 10 -report_unconstrained -file sync_fifo_timing_summary_routed.rpt -pb sync_fifo_timing_summary_routed.pb -rpx sync_fifo_timing_summary_routed.rpx -warn_on_violation 
INFO: [Timing 38-91] UpdateTimingParams: Speed grade: -2I, Delay Type: min_max.
INFO: [Timing 38-191] Multithreading enabled for timing update using a maximum of 8 CPUs
WARNING: [Timing 38-313] There are no user specified timing constraints. Timing constraints are needed for proper timing analysis.
INFO: [runtcl-4] Executing : report_incremental_reuse -file sync_fifo_incremental_reuse_routed.rpt
INFO: [Vivado_Tcl 4-1062] Incremental flow is disabled. No incremental reuse Info to report.
INFO: [runtcl-4] Executing : report_clock_utilization -file sync_fifo_clock_utilization_routed.rpt
INFO: [runtcl-4] Executing : report_bus_skew -warn_on_violation -file sync_fifo_bus_skew_routed.rpt -pb sync_fifo_bus_skew_routed.pb -rpx sync_fifo_bus_skew_routed.rpx
INFO: [Timing 38-91] UpdateTimingParams: Speed grade: -2I, Delay Type: min_max.
INFO: [Timing 38-191] Multithreading enabled for timing update using a maximum of 8 CPUs
INFO: [Common 17-206] Exiting Vivado at Thu Nov 21 14:56:09 2024...
